Startfile from command line: /home/jp/solpm7test/infiles/1007_Mn_2_eq_44_ax1_39_ax2_42_2.in


       ***********************************************************
       *                    TeraChem v1.5K                       *
       *                 Hg Version: 7d58b0c7f8b2+               *
       *                   Development Version                   *
       *                Compiled without textures                *
       *           Chemistry at the Speed of Graphics!           *
       ***********************************************************
       * This program may only be used in connection with        *
       * a valid license from PetaChem, LLC. Use of this program *
       * or results thereof indicates acceptance of all terms    *
       * and conditions stated in the license and that a valid   *
       * license agreement between the user and PetaChem, LLC    *
       * exists. PetaChem, LLC does not warrant the correctness  *
       * of results or their suitability for any purpose.        *
       * Please email bugs, suggestions, and comments to         *
       *                  help@petachem.com                      *
       *                                                         *
       ***********************************************************


       ***********************************************************
       *  Compiled by hjkulik      Fri Sep  2 11:14:01 EDT 2016  *
       *  Supported architectures: sm_35 sm_50                   *
       *  Cuda compilation tools, release 6.5, V6.5.16           *
       ***********************************************************


 Job started   Tue Nov 15 02:31:47 2016
 On gibraltar-28.localdomain (available memory: 126244 MB)

######################################### RUNTIME INFO ##########################################
terachem /home/jp/solpm7test/infiles/1007_Mn_2_eq_44_ax1_39_ax2_42_2.in 

NVRM version: NVIDIA UNIX x86_64 Kernel Module  346.59  Tue Mar 31 14:10:31 PDT 2015
GCC version:  gcc version 4.4.7 20120313 (Red Hat 4.4.7-11) (GCC) 

	linux-vdso.so.1 =>  (0x00007fff71dff000)
	libintbox.so.1 => /opt/terachem/090216/lib/libintbox.so.1 (0x00002b06b8f49000)
	libthcbox.so.1 => /opt/terachem/090216/lib/libthcbox.so.1 (0x00002b06c6f49000)
	libcuda.so.1 => /usr/lib64/libcuda.so.1 (0x00002b06c7f39000)
	libcudart.so.6.5 => /opt/terachem/090216/lib/libcudart.so.6.5 (0x00002b06c8dc3000)
	libcublas.so.6.5 => /opt/terachem/090216/lib/libcublas.so.6.5 (0x00002b06c9014000)
	libcufft.so.6.5 => /opt/terachem/090216/lib/libcufft.so.6.5 (0x00002b06caab2000)
	libm.so.6 => /lib64/libm.so.6 (0x0000003d18600000)
	libcilkrts.so.5 => /opt/terachem/090216/lib/libcilkrts.so.5 (0x00002b06cd4d8000)
	libstdc++.so.6 => /usr/lib64/libstdc++.so.6 (0x0000003d1b200000)
	libgcc_s.so.1 => /lib64/libgcc_s.so.1 (0x0000003d1a200000)
	libpthread.so.0 => /lib64/libpthread.so.0 (0x0000003d17600000)
	libc.so.6 => /lib64/libc.so.6 (0x0000003d17200000)
	/lib64/ld-linux-x86-64.so.2 (0x0000003d16e00000)
	libdl.so.2 => /lib64/libdl.so.2 (0x0000003d17a00000)
	librt.so.1 => /lib64/librt.so.1 (0x0000003d18200000)
#################################################################################################

